#
# There is insufficient memory for the Java Runtime Environment to continue.
# Native memory allocation (mmap) failed to map 65011712 bytes for Failed to commit area from 0x00000000c2e00000 to 0x00000000c6c00000 of length 65011712.
# Possible reasons:
#   The system is out of physical RAM or swap space
#   The process is running with CompressedOops enabled, and the Java Heap may be blocking the growth of the native heap
# Possible solutions:
#   Reduce memory load on the system
#   Increase physical memory or swap space
#   Check if swap backing store is full
#   Decrease Java heap size (-Xmx/-Xms)
#   Decrease number of Java threads
#   Decrease Java thread stack sizes (-Xss)
#   Set larger code cache with -XX:ReservedCodeCacheSize=
# This output file may be truncated or incomplete.
#
#  Out of Memory Error (./src/hotspot/os/windows/os_windows.cpp:3511), pid=1384, tid=7480
#
# JRE version:  (11.0.11+9) (build )
# Java VM: OpenJDK 64-Bit Server VM (11.0.11+9-b1504.13, mixed mode, sharing, tiered, compressed oops, g1 gc, windows-amd64)
# No core dump will be written. Minidumps are not enabled by default on client versions of Windows
#

---------------  S U M M A R Y ------------

Command Line: git4idea.http.GitAskPassApp Username for 'https://github.com': 

Host: Intel(R) Core(TM) i3-8145U CPU @ 2.10GHz, 4 cores, 3G,  Windows 10 , 64 bit Build 19041 (10.0.19041.292)
Time: Sun Aug 29 14:58:21 2021 RTZ 2 (зима) elapsed time: 0.088260 seconds (0d 0h 0m 0s)

---------------  T H R E A D  ---------------

Current thread (0x00000163b090a800):  JavaThread "Unknown thread" [_thread_in_vm, id=7480, stack(0x00000029d2600000,0x00000029d2700000)]

Stack: [0x00000029d2600000,0x00000029d2700000]
Native frames: (J=compiled Java code, j=interpreted, Vv=VM code, C=native code)
V  [jvm.dll+0x5f5d5a]
V  [jvm.dll+0x7798b5]
V  [jvm.dll+0x77aecd]
V  [jvm.dll+0x77b583]
V  [jvm.dll+0x244978]
V  [jvm.dll+0x5f3174]
V  [jvm.dll+0x5e7d55]
V  [jvm.dll+0x30068b]
V  [jvm.dll+0x3005fa]
V  [jvm.dll+0x3004d2]
V  [jvm.dll+0x3053c6]
V  [jvm.dll+0x34e0a3]
V  [jvm.dll+0x34e7a6]
V  [jvm.dll+0x34e1a3]
V  [jvm.dll+0x2db0c8]
V  [jvm.dll+0x2dc267]
V  [jvm.dll+0x758057]
V  [jvm.dll+0x75984c]
V  [jvm.dll+0x35b659]
V  [jvm.dll+0x73b67e]
V  [jvm.dll+0x3c39f3]
V  [jvm.dll+0x3c5dd1]
C  [jli.dll+0x5373]
C  [ucrtbase.dll+0x21542]
C  [KERNEL32.DLL+0x16fd4]
C  [ntdll.dll+0x4cec1]


---------------  P R O C E S S  ---------------

Threads class SMR info:
_java_thread_list=0x00000163aeeaeb30, length=0, elements={
}

Java Threads: ( => current thread )

Other Threads:
  0x00000163b0921000 GCTaskThread "GC Thread#0" [stack: 0x00000029d2700000,0x00000029d2800000] [id=4620]
  0x00000163b0940800 ConcurrentGCThread "G1 Main Marker" [stack: 0x00000029d2800000,0x00000029d2900000] [id=9808]
  0x00000163b0942000 ConcurrentGCThread "G1 Conc#0" [stack: 0x00000029d2900000,0x00000029d2a00000] [id=8476]

[error occurred during error reporting (printing all threads), id 0xc0000005, EXCEPTION_ACCESS_VIOLATION (0xc0000005) at pc=0x00007ff8d7cdb8f7]

VM state:not at safepoint (not fully initialized)

VM Mutex/Monitor currently owned by a thread:  ([mutex/lock_event])
[0x00000163b0907820] Heap_lock - owner thread: 0x00000163b090a800

Heap address: 0x00000000c2e00000, size: 978 MB, Compressed Oops mode: Non-zero based: 0x00000000c2e00000
Narrow klass base: 0x0000000000000000, Narrow klass shift: 0

GC Heap History (0 events):
No events

Deoptimization events (0 events):
No events

Classes redefined (0 events):
No events

Internal exceptions (0 events):
No events

Events (1 events):
Event: 0.010 Loaded shared library C:\Program Files\JetBrains\PyCharm Community Edition 2021.2\jbr\bin\zip.dll


Dynamic libraries:
0x00007ff61a560000 - 0x00007ff61a56a000 	C:\Program Files\JetBrains\PyCharm Community Edition 2021.2\jbr\bin\java.exe
0x00007ff944d10000 - 0x00007ff944f05000 	C:\Windows\SYSTEM32\ntdll.dll
0x00007ff9435b0000 - 0x00007ff94366d000 	C:\Windows\System32\KERNEL32.DLL
0x00007ff942830000 - 0x00007ff942af7000 	C:\Windows\System32\KERNELBASE.dll
0x00007ff942510000 - 0x00007ff942610000 	C:\Windows\System32\ucrtbase.dll
0x00007ff91b750000 - 0x00007ff91b769000 	C:\Program Files\JetBrains\PyCharm Community Edition 2021.2\jbr\bin\jli.dll
0x00007ff91b250000 - 0x00007ff91b267000 	C:\Program Files\JetBrains\PyCharm Community Edition 2021.2\jbr\bin\VCRUNTIME140.dll
0x00007ff944570000 - 0x00007ff944710000 	C:\Windows\System32\USER32.dll
0x00007ff92c1b0000 - 0x00007ff92c44a000 	C:\Windows\WinSxS\amd64_microsoft.windows.common-controls_6595b64144ccf1df_6.0.19041.1_none_b555e41d4684ddec\COMCTL32.dll
0x00007ff943510000 - 0x00007ff9435ae000 	C:\Windows\System32\msvcrt.dll
0x00007ff942800000 - 0x00007ff942822000 	C:\Windows\System32\win32u.dll
0x00007ff943670000 - 0x00007ff94369a000 	C:\Windows\System32\GDI32.dll
0x00007ff9426c0000 - 0x00007ff9427ca000 	C:\Windows\System32\gdi32full.dll
0x00007ff942ce0000 - 0x00007ff942d7d000 	C:\Windows\System32\msvcp_win.dll
0x00007ff943a50000 - 0x00007ff943a80000 	C:\Windows\System32\IMM32.DLL
0x00007ff906f40000 - 0x00007ff906fdd000 	C:\Program Files\JetBrains\PyCharm Community Edition 2021.2\jbr\bin\msvcp140.dll
0x00007ff8d79f0000 - 0x00007ff8d853a000 	C:\Program Files\JetBrains\PyCharm Community Edition 2021.2\jbr\bin\server\jvm.dll
0x00007ff9436b0000 - 0x00007ff94375a000 	C:\Windows\System32\ADVAPI32.dll
0x00007ff942e40000 - 0x00007ff942edb000 	C:\Windows\System32\sechost.dll
0x00007ff944440000 - 0x00007ff944563000 	C:\Windows\System32\RPCRT4.dll
0x00007ff942e30000 - 0x00007ff942e38000 	C:\Windows\System32\PSAPI.DLL
0x00007ff929ba0000 - 0x00007ff929ba9000 	C:\Windows\SYSTEM32\WSOCK32.dll
0x00007ff9443d0000 - 0x00007ff94443b000 	C:\Windows\System32\WS2_32.dll
0x00007ff9305b0000 - 0x00007ff9305d7000 	C:\Windows\SYSTEM32\WINMM.dll
0x00007ff936530000 - 0x00007ff93653a000 	C:\Windows\SYSTEM32\VERSION.dll
0x00007ff9410b0000 - 0x00007ff9410c3000 	C:\Windows\SYSTEM32\kernel.appcore.dll
0x00007ff931e60000 - 0x00007ff931e71000 	C:\Program Files\JetBrains\PyCharm Community Edition 2021.2\jbr\bin\verify.dll
0x00007ff940a90000 - 0x00007ff940c74000 	C:\Windows\SYSTEM32\DBGHELP.DLL
0x00007ff928fd0000 - 0x00007ff928ffc000 	C:\Windows\SYSTEM32\dbgcore.DLL
0x00007ff942c60000 - 0x00007ff942cdf000 	C:\Windows\System32\bcryptPrimitives.dll
0x00007ff91b720000 - 0x00007ff91b749000 	C:\Program Files\JetBrains\PyCharm Community Edition 2021.2\jbr\bin\java.dll
0x00007ff93c2c0000 - 0x00007ff93c2cb000 	C:\Program Files\JetBrains\PyCharm Community Edition 2021.2\jbr\bin\jimage.dll
0x00007ff931d30000 - 0x00007ff931d48000 	C:\Program Files\JetBrains\PyCharm Community Edition 2021.2\jbr\bin\zip.dll

dbghelp: loaded successfully - version: 4.0.5 - missing functions: none
symbol engine: initialized successfully - sym options: 0x614 - pdb path: .;C:\Program Files\JetBrains\PyCharm Community Edition 2021.2\jbr\bin;C:\Windows\SYSTEM32;C:\Windows\WinSxS\amd64_microsoft.windows.common-controls_6595b64144ccf1df_6.0.19041.1_none_b555e41d4684ddec;C:\Program Files\JetBrains\PyCharm Community Edition 2021.2\jbr\bin\server

VM Arguments:
java_command: git4idea.http.GitAskPassApp Username for 'https://github.com': 
java_class_path (initial): C:/Program Files/JetBrains/PyCharm Community Edition 2021.2/plugins/git4idea/lib/git4idea-rt.jar;C:/Program Files/JetBrains/PyCharm Community Edition 2021.2/lib/3rd-party.jar
Launcher Type: SUN_STANDARD

[Global flags]
     intx CICompilerCount                          = 3                                         {product} {ergonomic}
     uint ConcGCThreads                            = 1                                         {product} {ergonomic}
     uint G1ConcRefinementThreads                  = 4                                         {product} {ergonomic}
   size_t G1HeapRegionSize                         = 1048576                                   {product} {ergonomic}
    uintx GCDrainStackTargetSize                   = 64                                        {product} {ergonomic}
   size_t InitialHeapSize                          = 65011712                                  {product} {ergonomic}
   size_t MarkStackSize                            = 4194304                                   {product} {ergonomic}
   size_t MaxHeapSize                              = 1025507328                                {product} {ergonomic}
   size_t MinHeapDeltaBytes                        = 1048576                                   {product} {ergonomic}
    uintx NonNMethodCodeHeapSize                   = 5830732                                {pd product} {ergonomic}
    uintx NonProfiledCodeHeapSize                  = 122913754                              {pd product} {ergonomic}
    uintx ProfiledCodeHeapSize                     = 122913754                              {pd product} {ergonomic}
    uintx ReservedCodeCacheSize                    = 251658240                              {pd product} {ergonomic}
     bool SegmentedCodeCache                       = true                                      {product} {ergonomic}
     bool UseCompressedClassPointers               = true                                 {lp64_product} {ergonomic}
     bool UseCompressedOops                        = true                                 {lp64_product} {ergonomic}
     bool UseG1GC                                  = true                                      {product} {ergonomic}
     bool UseLargePagesIndividualAllocation        = false                                  {pd product} {ergonomic}

Logging:
Log output configuration:
 #0: stdout all=warning uptime,level,tags
 #1: stderr all=off uptime,level,tags

Environment Variables:
PATH=C:\Program Files\Git\mingw64\libexec\git-core;C:\Program Files\Git\mingw64\libexec\git-core;C:\Program Files\Git\mingw64\bin;C:\Program Files\Git\usr\bin;C:\Users\user\bin;D:\python\pythonProject\venv\Scripts;C:\Windows\system32;C:\Windows;C:\Windows\System32\Wbem;C:\Windows\System32\WindowsPowerShell\v1.0;C:\Windows\System32\OpenSSH;C:\Program Files\Git\cmd;C:\Program Files\PostgreSQL\13\bin;C:\Users\user\AppData\Local\Programs\Python\Python39\Scripts;C:\Users\user\AppData\Local\Programs\Python\Python39;C:\Users\user\AppData\Local\Microsoft\WindowsApps;C:\Program Files\JetBrains\PyCharm Community Edition 2020.3.2\bin
USERNAME=user
DISPLAY=:0.0
LC_ALL=en_US.UTF-8
OS=Windows_NT
PROCESSOR_IDENTIFIER=Intel64 Family 6 Model 142 Stepping 11, GenuineIntel



---------------  S Y S T E M  ---------------

OS: Windows 10 , 64 bit Build 19041 (10.0.19041.292)
OS uptime: 0 days 6:02 hours

CPU:total 4 (initial active 4) (2 cores per cpu, 2 threads per core) family 6 model 142 stepping 11 microcode 0xae, cmov, cx8, fxsr, mmx, sse, sse2, sse3, ssse3, sse4.1, sse4.2, popcnt, avx, avx2, aes, clmul, erms, 3dnowpref, lzcnt, ht, tsc, tscinvbit, bmi1, bmi2, adx, fma

Memory: 4k page, system-wide physical 3910M (357M free)
TotalPageFile size 5958M (AvailPageFile size 9M)
current process WorkingSet (physical memory assigned to process): 9M, peak: 9M
current process commit charge ("private bytes"): 51M, peak: 113M

vm_info: OpenJDK 64-Bit Server VM (11.0.11+9-b1504.13) for windows-amd64 JRE (11.0.11+9-b1504.13), built on Jul 18 2021 03:17:44 by "" with MS VC++ 14.0 (VS2015)

END.
