#
# There is insufficient memory for the Java Runtime Environment to continue.
# Native memory allocation (mmap) failed to map 65011712 bytes for Failed to commit area from 0x00000000c2e00000 to 0x00000000c6c00000 of length 65011712.
# Possible reasons:
#   The system is out of physical RAM or swap space
#   The process is running with CompressedOops enabled, and the Java Heap may be blocking the growth of the native heap
# Possible solutions:
#   Reduce memory load on the system
#   Increase physical memory or swap space
#   Check if swap backing store is full
#   Decrease Java heap size (-Xmx/-Xms)
#   Decrease number of Java threads
#   Decrease Java thread stack sizes (-Xss)
#   Set larger code cache with -XX:ReservedCodeCacheSize=
# This output file may be truncated or incomplete.
#
#  Out of Memory Error (./src/hotspot/os/windows/os_windows.cpp:3303), pid=9456, tid=12204
#
# JRE version:  (11.0.9.1+11) (build )
# Java VM: OpenJDK 64-Bit Server VM (11.0.9.1+11-b1145.63, mixed mode, sharing, tiered, compressed oops, g1 gc, windows-amd64)
# No core dump will be written. Minidumps are not enabled by default on client versions of Windows
#

---------------  S U M M A R Y ------------

Command Line: org.jetbrains.git4idea.http.GitAskPassApp Username for 'https://github.com': 

Host: Intel(R) Core(TM) i3-8145U CPU @ 2.10GHz, 4 cores, 3G,  Windows 10 , 64 bit Build 19041 (10.0.19041.292)
Time: Wed Aug 18 21:15:47 2021 RTZ 2 (зима) elapsed time: 0.103799 seconds (0d 0h 0m 0s)

---------------  T H R E A D  ---------------

Current thread (0x000001e885bf8000):  JavaThread "Unknown thread" [_thread_in_vm, id=12204, stack(0x0000008c8ec00000,0x0000008c8ed00000)]

Stack: [0x0000008c8ec00000,0x0000008c8ed00000]
Native frames: (J=compiled Java code, j=interpreted, Vv=VM code, C=native code)
V  [jvm.dll+0x5edd9a]
V  [jvm.dll+0x7229c5]
V  [jvm.dll+0x723f1d]
V  [jvm.dll+0x7245d3]
V  [jvm.dll+0x2431b8]
V  [jvm.dll+0x5eb234]
V  [jvm.dll+0x5e0325]
V  [jvm.dll+0x2fe60b]
V  [jvm.dll+0x2fe57a]
V  [jvm.dll+0x2fe452]
V  [jvm.dll+0x303346]
V  [jvm.dll+0x34ba83]
V  [jvm.dll+0x34c186]
V  [jvm.dll+0x34bb83]
V  [jvm.dll+0x2d9218]
V  [jvm.dll+0x2da3c7]
V  [jvm.dll+0x701a67]
V  [jvm.dll+0x70325c]
V  [jvm.dll+0x359049]
V  [jvm.dll+0x6e552e]
V  [jvm.dll+0x3c1353]
V  [jvm.dll+0x3c3571]
C  [jli.dll+0x5373]
C  [ucrtbase.dll+0x21542]
C  [KERNEL32.DLL+0x16fd4]
C  [ntdll.dll+0x4cec1]


---------------  P R O C E S S  ---------------

Threads class SMR info:
_java_thread_list=0x000001e8841e0b60, length=0, elements={
}

Java Threads: ( => current thread )

Other Threads:
  0x000001e885c10800 GCTaskThread "GC Thread#0" [stack: 0x0000008c8ed00000,0x0000008c8ee00000] [id=7120]
  0x000001e885c2f000 ConcurrentGCThread "G1 Main Marker" [stack: 0x0000008c8ee00000,0x0000008c8ef00000] [id=10176]
  0x000001e885c30800 ConcurrentGCThread "G1 Conc#0" [stack: 0x0000008c8ef00000,0x0000008c8f000000] [id=3724]

[error occurred during error reporting (printing all threads), id 0xc0000005, EXCEPTION_ACCESS_VIOLATION (0xc0000005) at pc=0x00007ff8b4c09807]

VM state:not at safepoint (not fully initialized)

VM Mutex/Monitor currently owned by a thread:  ([mutex/lock_event])
[0x000001e885bf4cf0] Heap_lock - owner thread: 0x000001e885bf8000

Heap address: 0x00000000c2e00000, size: 978 MB, Compressed Oops mode: Non-zero based: 0x00000000c2e00000
Narrow klass base: 0x0000000000000000, Narrow klass shift: 0

GC Heap History (0 events):
No events

Deoptimization events (0 events):
No events

Classes redefined (0 events):
No events

Internal exceptions (0 events):
No events

Events (1 events):
Event: 0.020 Loaded shared library C:\Program Files\JetBrains\PyCharm Community Edition 2020.3.2\jbr\bin\zip.dll


Dynamic libraries:
0x00007ff6225b0000 - 0x00007ff6225ba000 	C:\Program Files\JetBrains\PyCharm Community Edition 2020.3.2\jbr\bin\java.exe
0x00007ff904e90000 - 0x00007ff905085000 	C:\Windows\SYSTEM32\ntdll.dll
0x00007ff903a60000 - 0x00007ff903b1d000 	C:\Windows\System32\KERNEL32.DLL
0x00007ff902810000 - 0x00007ff902ad7000 	C:\Windows\System32\KERNELBASE.dll
0x00007ff902c20000 - 0x00007ff902d20000 	C:\Windows\System32\ucrtbase.dll
0x00007ff8bb230000 - 0x00007ff8bb247000 	C:\Program Files\JetBrains\PyCharm Community Edition 2020.3.2\jbr\bin\VCRUNTIME140.dll
0x00007ff8bb050000 - 0x00007ff8bb069000 	C:\Program Files\JetBrains\PyCharm Community Edition 2020.3.2\jbr\bin\jli.dll
0x00007ff903b20000 - 0x00007ff903cc0000 	C:\Windows\System32\USER32.dll
0x00007ff902bf0000 - 0x00007ff902c12000 	C:\Windows\System32\win32u.dll
0x00007ff903230000 - 0x00007ff90325a000 	C:\Windows\System32\GDI32.dll
0x00007ff8e5e40000 - 0x00007ff8e60da000 	C:\Windows\WinSxS\amd64_microsoft.windows.common-controls_6595b64144ccf1df_6.0.19041.1_none_b555e41d4684ddec\COMCTL32.dll
0x00007ff902ae0000 - 0x00007ff902bea000 	C:\Windows\System32\gdi32full.dll
0x00007ff903d20000 - 0x00007ff903dbe000 	C:\Windows\System32\msvcrt.dll
0x00007ff902770000 - 0x00007ff90280d000 	C:\Windows\System32\msvcp_win.dll
0x00007ff904bc0000 - 0x00007ff904bf0000 	C:\Windows\System32\IMM32.DLL
0x00007ff8b8ec0000 - 0x00007ff8b8f5d000 	C:\Program Files\JetBrains\PyCharm Community Edition 2020.3.2\jbr\bin\msvcp140.dll
0x00007ff8b4920000 - 0x00007ff8b53ee000 	C:\Program Files\JetBrains\PyCharm Community Edition 2020.3.2\jbr\bin\server\jvm.dll
0x00007ff904c90000 - 0x00007ff904d3a000 	C:\Windows\System32\ADVAPI32.dll
0x00007ff904bf0000 - 0x00007ff904c8b000 	C:\Windows\System32\sechost.dll
0x00007ff903100000 - 0x00007ff903223000 	C:\Windows\System32\RPCRT4.dll
0x00007ff903dc0000 - 0x00007ff903dc8000 	C:\Windows\System32\PSAPI.DLL
0x00007ff8f1510000 - 0x00007ff8f1519000 	C:\Windows\SYSTEM32\WSOCK32.dll
0x00007ff8ef230000 - 0x00007ff8ef257000 	C:\Windows\SYSTEM32\WINMM.dll
0x00007ff903f00000 - 0x00007ff903f6b000 	C:\Windows\System32\WS2_32.dll
0x00007ff8f64f0000 - 0x00007ff8f64fa000 	C:\Windows\SYSTEM32\VERSION.dll
0x00007ff901230000 - 0x00007ff901243000 	C:\Windows\SYSTEM32\kernel.appcore.dll
0x00007ff8f0280000 - 0x00007ff8f0291000 	C:\Program Files\JetBrains\PyCharm Community Edition 2020.3.2\jbr\bin\verify.dll
0x00007ff900c10000 - 0x00007ff900df4000 	C:\Windows\SYSTEM32\DBGHELP.DLL
0x00007ff8e5840000 - 0x00007ff8e586c000 	C:\Windows\SYSTEM32\dbgcore.DLL
0x00007ff9025e0000 - 0x00007ff90265f000 	C:\Windows\System32\bcryptPrimitives.dll
0x00007ff8e7ba0000 - 0x00007ff8e7bc9000 	C:\Program Files\JetBrains\PyCharm Community Edition 2020.3.2\jbr\bin\java.dll
0x00007ff8f0150000 - 0x00007ff8f015b000 	C:\Program Files\JetBrains\PyCharm Community Edition 2020.3.2\jbr\bin\jimage.dll
0x00007ff8e7b80000 - 0x00007ff8e7b98000 	C:\Program Files\JetBrains\PyCharm Community Edition 2020.3.2\jbr\bin\zip.dll

dbghelp: loaded successfully - version: 4.0.5 - missing functions: none
symbol engine: initialized successfully - sym options: 0x614 - pdb path: .;C:\Program Files\JetBrains\PyCharm Community Edition 2020.3.2\jbr\bin;C:\Windows\SYSTEM32;C:\Windows\WinSxS\amd64_microsoft.windows.common-controls_6595b64144ccf1df_6.0.19041.1_none_b555e41d4684ddec;C:\Program Files\JetBrains\PyCharm Community Edition 2020.3.2\jbr\bin\server

VM Arguments:
java_command: org.jetbrains.git4idea.http.GitAskPassApp Username for 'https://github.com': 
java_class_path (initial): C:/Program Files/JetBrains/PyCharm Community Edition 2020.3.2/plugins/git4idea/lib/git4idea-rt.jar;C:/Program Files/JetBrains/PyCharm Community Edition 2020.3.2/lib/xmlrpc-2.0.1.jar;C:/Program Files/JetBrains/PyCharm Community Edition 2020.3.2/lib/commons-codec-1.14.jar
Launcher Type: SUN_STANDARD

[Global flags]
     intx CICompilerCount                          = 3                                         {product} {ergonomic}
     uint ConcGCThreads                            = 1                                         {product} {ergonomic}
     uint G1ConcRefinementThreads                  = 4                                         {product} {ergonomic}
   size_t G1HeapRegionSize                         = 1048576                                   {product} {ergonomic}
    uintx GCDrainStackTargetSize                   = 64                                        {product} {ergonomic}
   size_t InitialHeapSize                          = 65011712                                  {product} {ergonomic}
   size_t MarkStackSize                            = 4194304                                   {product} {ergonomic}
   size_t MaxHeapSize                              = 1025507328                                {product} {ergonomic}
   size_t MinHeapDeltaBytes                        = 1048576                                   {product} {ergonomic}
    uintx NonNMethodCodeHeapSize                   = 5830732                                {pd product} {ergonomic}
    uintx NonProfiledCodeHeapSize                  = 122913754                              {pd product} {ergonomic}
    uintx ProfiledCodeHeapSize                     = 122913754                              {pd product} {ergonomic}
    uintx ReservedCodeCacheSize                    = 251658240                              {pd product} {ergonomic}
     bool SegmentedCodeCache                       = true                                      {product} {ergonomic}
     bool UseCompressedClassPointers               = true                                 {lp64_product} {ergonomic}
     bool UseCompressedOops                        = true                                 {lp64_product} {ergonomic}
     bool UseG1GC                                  = true                                      {product} {ergonomic}
     bool UseLargePagesIndividualAllocation        = false                                  {pd product} {ergonomic}

Logging:
Log output configuration:
 #0: stdout all=warning uptime,level,tags
 #1: stderr all=off uptime,level,tags

Environment Variables:
PATH=C:\Program Files\Git\mingw64\libexec\git-core;C:\Program Files\Git\mingw64\libexec\git-core;C:\Program Files\Git\mingw64\bin;C:\Program Files\Git\usr\bin;C:\Users\user\bin;C:\Windows\system32;C:\Windows;C:\Windows\System32\Wbem;C:\Windows\System32\WindowsPowerShell\v1.0;C:\Windows\System32\OpenSSH;C:\Program Files\Git\cmd;C:\Users\user\AppData\Local\Programs\Python\Python39\Scripts;C:\Users\user\AppData\Local\Programs\Python\Python39;C:\Users\user\AppData\Local\Microsoft\WindowsApps;C:\Program Files\JetBrains\PyCharm Community Edition 2020.3.2\bin
USERNAME=user
DISPLAY=:0.0
LC_ALL=en_US.UTF-8
OS=Windows_NT
PROCESSOR_IDENTIFIER=Intel64 Family 6 Model 142 Stepping 11, GenuineIntel



---------------  S Y S T E M  ---------------

OS: Windows 10 , 64 bit Build 19041 (10.0.19041.292)
OS uptime: 0 days 2:43 hours

CPU:total 4 (initial active 4) (2 cores per cpu, 2 threads per core) family 6 model 142 stepping 11, cmov, cx8, fxsr, mmx, sse, sse2, sse3, ssse3, sse4.1, sse4.2, popcnt, avx, avx2, aes, clmul, erms, 3dnowpref, lzcnt, ht, tsc, tscinvbit, bmi1, bmi2, adx, fma

Memory: 4k page, system-wide physical 3910M (324M free)
TotalPageFile size 5958M (AvailPageFile size 8M)
current process WorkingSet (physical memory assigned to process): 9M, peak: 9M
current process commit charge ("private bytes"): 51M, peak: 113M

vm_info: OpenJDK 64-Bit Server VM (11.0.9.1+11-b1145.63) for windows-amd64 JRE (11.0.9.1+11-b1145.63), built on Dec 21 2020 13:58:54 by "" with MS VC++ 14.0 (VS2015)

END.
